<?xml version="1.0" encoding="UTF-8"?>
<!-- Generated by org.testng.reporters.JUnitReportReporter -->
<testsuite hostname="Gundri" failures="0" tests="2" name="VerifyLogin2_NegativeTest" time="0.552" errors="0" timestamp="2025-07-01T13:02:10 IST" skipped="0">
  <testcase classname="VerifyLogin2_NegativeTest" name="verifyLogin" time="0.531">
    <system-out>
      <![CDATA[<a href='C:\Users\Diwakar\IdeaProjects\CapstoneQ1\target\surefire-reports\failure_screenshots\LoginNegative_01_07_2025_01_02_08.png'> <img src='C:\Users\Diwakar\IdeaProjects\CapstoneQ1\target\surefire-reports\failure_screenshots\LoginNegative_01_07_2025_01_02_08.png' height='100' width='100' /> </a>]]>
    </system-out>
  </testcase> <!-- verifyLogin -->
  <testcase classname="VerifyLogin2_NegativeTest" name="verifyPageTitle" time="0.021"/>
  <system-out>
    <![CDATA[<a href='C:\Users\Diwakar\IdeaProjects\CapstoneQ1\target\surefire-reports\failure_screenshots\LoginPositive_01_07_2025_01_02_07.png'> <img src='C:\Users\Diwakar\IdeaProjects\CapstoneQ1\target\surefire-reports\failure_screenshots\LoginPositive_01_07_2025_01_02_07.png' height='100' width='100' /> </a>
<a href='C:\Users\Diwakar\IdeaProjects\CapstoneQ1\target\surefire-reports\failure_screenshots\LoginNegative_01_07_2025_01_02_08.png'> <img src='C:\Users\Diwakar\IdeaProjects\CapstoneQ1\target\surefire-reports\failure_screenshots\LoginNegative_01_07_2025_01_02_08.png' height='100' width='100' /> </a>]]>
  </system-out>
</testsuite> <!-- VerifyLogin2_NegativeTest -->
